0 info it worked if it ends with ok
1 verbose cli [ 'node',
1 verbose cli   '/usr/local/bin/npm',
1 verbose cli   'install',
1 verbose cli   'leadfood',
1 verbose cli   '--save-dev' ]
2 info using npm@1.4.28
3 info using node@v0.10.35
4 warn package.json dibs-intern-poc@0.0.1 No repository field.
5 warn package.json dibs-intern-poc@0.0.1 No README data
6 verbose readDependencies using package.json deps
7 verbose cache add [ 'leadfood', null ]
8 verbose cache add name=undefined spec="leadfood" args=["leadfood",null]
9 verbose parsed url { protocol: null,
9 verbose parsed url   slashes: null,
9 verbose parsed url   auth: null,
9 verbose parsed url   host: null,
9 verbose parsed url   port: null,
9 verbose parsed url   hostname: null,
9 verbose parsed url   hash: null,
9 verbose parsed url   search: null,
9 verbose parsed url   query: null,
9 verbose parsed url   pathname: 'leadfood',
9 verbose parsed url   path: 'leadfood',
9 verbose parsed url   href: 'leadfood' }
10 silly lockFile 5159fc36-leadfood leadfood
11 verbose lock leadfood /Users/chris.bailey/.npm/5159fc36-leadfood.lock
12 silly lockFile 5159fc36-leadfood leadfood
13 silly lockFile 5159fc36-leadfood leadfood
14 verbose addNamed [ 'leadfood', '' ]
15 verbose addNamed [ null, '*' ]
16 silly lockFile 9b42fc04-leadfood leadfood@
17 verbose lock leadfood@ /Users/chris.bailey/.npm/9b42fc04-leadfood.lock
18 silly addNameRange { name: 'leadfood', range: '*', hasData: false }
19 verbose request where is /leadfood
20 verbose request registry https://registry.npmjs.org/
21 verbose request id 9f3fbc903edb59a0
22 verbose url raw /leadfood
23 verbose url resolving [ 'https://registry.npmjs.org/', './leadfood' ]
24 verbose url resolved https://registry.npmjs.org/leadfood
25 verbose request where is https://registry.npmjs.org/leadfood
26 info trying registry request attempt 1 at 11:24:13
27 http GET https://registry.npmjs.org/leadfood
28 http 404 https://registry.npmjs.org/leadfood
29 verbose headers { date: 'Wed, 28 Jan 2015 16:24:13 GMT',
29 verbose headers   server: 'CouchDB/1.5.0 (Erlang OTP/R16B03)',
29 verbose headers   'content-type': 'application/json',
29 verbose headers   'cache-control': 'max-age=0',
29 verbose headers   'content-length': '52',
29 verbose headers   'accept-ranges': 'bytes',
29 verbose headers   via: '1.1 varnish',
29 verbose headers   age: '0',
29 verbose headers   'x-served-by': 'cache-atl6220-ATL',
29 verbose headers   'x-cache': 'MISS',
29 verbose headers   'x-cache-hits': '0',
29 verbose headers   'x-timer': 'S1422462253.683976,VS0,VE79',
29 verbose headers   'keep-alive': 'timeout=10, max=50',
29 verbose headers   connection: 'Keep-Alive' }
30 silly registry.get cb [ 404,
30 silly registry.get   { date: 'Wed, 28 Jan 2015 16:24:13 GMT',
30 silly registry.get     server: 'CouchDB/1.5.0 (Erlang OTP/R16B03)',
30 silly registry.get     'content-type': 'application/json',
30 silly registry.get     'cache-control': 'max-age=0',
30 silly registry.get     'content-length': '52',
30 silly registry.get     'accept-ranges': 'bytes',
30 silly registry.get     via: '1.1 varnish',
30 silly registry.get     age: '0',
30 silly registry.get     'x-served-by': 'cache-atl6220-ATL',
30 silly registry.get     'x-cache': 'MISS',
30 silly registry.get     'x-cache-hits': '0',
30 silly registry.get     'x-timer': 'S1422462253.683976,VS0,VE79',
30 silly registry.get     'keep-alive': 'timeout=10, max=50',
30 silly registry.get     connection: 'Keep-Alive' } ]
31 silly lockFile 9b42fc04-leadfood leadfood@
32 silly lockFile 9b42fc04-leadfood leadfood@
33 error 404 404 Not Found: leadfood
33 error 404
33 error 404 'leadfood' is not in the npm registry.
33 error 404 You should bug the author to publish it
33 error 404 It was specified as a dependency of 'dibs-intern-poc'
33 error 404
33 error 404 Note that you can also install from a
33 error 404 tarball, folder, or http url, or git url.
34 error System Darwin 14.0.0
35 error command "node" "/usr/local/bin/npm" "install" "leadfood" "--save-dev"
36 error cwd /Users/chris.bailey/projects/dibs-intern-poc
37 error node -v v0.10.35
38 error npm -v 1.4.28
39 error code E404
40 verbose exit [ 1, true ]
